The target system is: Linux-CXX -  - 
The host system is: Linux - 5.13.0-28-generic - x86_64
Compiling the C compiler identification source file "CMakeCCompilerId.c" succeeded.
Compiler: /opt/riscv32/bin/riscv32-unknown-elf-gcc 
Build flags: -O3;-g
Id flags:  

The output was:
0


Compilation of the C compiler identification source "CMakeCCompilerId.c" produced "a.out"

The C compiler identification is GNU, found in "/home/gweth/pulpino/sw/dd/CMakeFiles/3.20.0/CompilerIdC/a.out"

Checking whether the ASM compiler is GNU using "--version" matched "(GNU assembler)|(GCC)|(Free Software Foundation)":
riscv32-unknown-elf-gcc (g5964b5cd727) 11.1.0
Copyright (C) 2021 Free Software Foundation, Inc.
This is free software; see the source for copying conditions.  There is NO
warranty; not even for MERCHANTABILITY or FITNESS FOR A PARTICULAR PURPOSE.

Detecting C compiler ABI info compiled with the following output:
Change Dir: /home/gweth/pulpino/sw/dd/CMakeFiles/CMakeTmp

Run Build Command(s):/usr/bin/make -f Makefile cmTC_6f2fe/fast && /usr/bin/make  -f CMakeFiles/cmTC_6f2fe.dir/build.make CMakeFiles/cmTC_6f2fe.dir/build
make[1]: Entering directory '/home/gweth/pulpino/sw/dd/CMakeFiles/CMakeTmp'
Building C object CMakeFiles/cmTC_6f2fe.dir/CMakeCCompilerABI.c.o
/opt/riscv32/bin/riscv32-unknown-elf-gcc   -O3 -g    -v -o CMakeFiles/cmTC_6f2fe.dir/CMakeCCompilerABI.c.o -c /usr/local/share/cmake-3.20/Modules/CMakeCCompilerABI.c
Using built-in specs.
COLLECT_GCC=/opt/riscv32/bin/riscv32-unknown-elf-gcc
Target: riscv32-unknown-elf
Configured with: /home/gweth/Bureau/risc_/riscv-gnu-toolchain/build/../riscv-gcc/configure --target=riscv32-unknown-elf --prefix=/opt/riscv32 --disable-shared --disable-threads --enable-languages=c,c++ --with-pkgversion=g5964b5cd727 --with-system-zlib --enable-tls --with-newlib --with-sysroot=/opt/riscv32/riscv32-unknown-elf --with-native-system-header-dir=/include --disable-libmudflap --disable-libssp --disable-libquadmath --disable-libgomp --disable-nls --disable-tm-clone-registry --src=../../riscv-gcc --enable-multilib --with-abi=ilp32 --with-arch=rv32imc --with-tune=rocket 'CFLAGS_FOR_TARGET=-Os   -mcmodel=medlow' 'CXXFLAGS_FOR_TARGET=-Os   -mcmodel=medlow'
Thread model: single
Supported LTO compression algorithms: zlib
gcc version 11.1.0 (g5964b5cd727) 
COLLECT_GCC_OPTIONS='-O3' '-g' '-v' '-o' 'CMakeFiles/cmTC_6f2fe.dir/CMakeCCompilerABI.c.o' '-c' '-mtune=rocket' '-march=rv32imc' '-mabi=ilp32' '-march=rv32imc' '-dumpdir' 'CMakeFiles/cmTC_6f2fe.dir/'
 /opt/riscv32/libexec/gcc/riscv32-unknown-elf/11.1.0/cc1 -quiet -v /usr/local/share/cmake-3.20/Modules/CMakeCCompilerABI.c -quiet -dumpdir CMakeFiles/cmTC_6f2fe.dir/ -dumpbase CMakeCCompilerABI.c.c -dumpbase-ext .c -mtune=rocket -march=rv32imc -mabi=ilp32 -march=rv32imc -g -O3 -version -o /tmp/ccWrLG8j.s
GNU C17 (g5964b5cd727) version 11.1.0 (riscv32-unknown-elf)
	compiled by GNU C version 9.3.0, GMP version 6.2.0, MPFR version 4.0.2, MPC version 1.1.0, isl version none
GGC heuristics: --param ggc-min-expand=100 --param ggc-min-heapsize=131072
ignoring nonexistent directory "/opt/riscv32/riscv32-unknown-elf/usr/local/include"
ignoring duplicate directory "/opt/riscv32/riscv32-unknown-elf/include"
#include "..." search starts here:
#include <...> search starts here:
 /opt/riscv32/lib/gcc/riscv32-unknown-elf/11.1.0/include
 /opt/riscv32/lib/gcc/riscv32-unknown-elf/11.1.0/include-fixed
 /opt/riscv32/lib/gcc/riscv32-unknown-elf/11.1.0/../../../../riscv32-unknown-elf/include
End of search list.
GNU C17 (g5964b5cd727) version 11.1.0 (riscv32-unknown-elf)
	compiled by GNU C version 9.3.0, GMP version 6.2.0, MPFR version 4.0.2, MPC version 1.1.0, isl version none
GGC heuristics: --param ggc-min-expand=100 --param ggc-min-heapsize=131072
Compiler executable checksum: 2124b6bbae4514a7c64c405ba16c9706
COLLECT_GCC_OPTIONS='-O3' '-g' '-v' '-o' 'CMakeFiles/cmTC_6f2fe.dir/CMakeCCompilerABI.c.o' '-c' '-mtune=rocket' '-march=rv32imc' '-mabi=ilp32' '-march=rv32imc' '-dumpdir' 'CMakeFiles/cmTC_6f2fe.dir/'
 /opt/riscv32/lib/gcc/riscv32-unknown-elf/11.1.0/../../../../riscv32-unknown-elf/bin/as -v --gdwarf-5 --traditional-format -march=rv32imc -march=rv32imc -mabi=ilp32 -o CMakeFiles/cmTC_6f2fe.dir/CMakeCCompilerABI.c.o /tmp/ccWrLG8j.s
GNU assembler version 2.37 (riscv32-unknown-elf) using BFD version (GNU Binutils) 2.37
COMPILER_PATH=/opt/riscv32/libexec/gcc/riscv32-unknown-elf/11.1.0/:/opt/riscv32/libexec/gcc/riscv32-unknown-elf/11.1.0/:/opt/riscv32/libexec/gcc/riscv32-unknown-elf/:/opt/riscv32/lib/gcc/riscv32-unknown-elf/11.1.0/:/opt/riscv32/lib/gcc/riscv32-unknown-elf/:/opt/riscv32/lib/gcc/riscv32-unknown-elf/11.1.0/../../../../riscv32-unknown-elf/bin/
LIBRARY_PATH=/opt/riscv32/lib/gcc/riscv32-unknown-elf/11.1.0/:/opt/riscv32/lib/gcc/riscv32-unknown-elf/11.1.0/../../../../riscv32-unknown-elf/lib/:/opt/riscv32/riscv32-unknown-elf/lib/
COLLECT_GCC_OPTIONS='-O3' '-g' '-v' '-o' 'CMakeFiles/cmTC_6f2fe.dir/CMakeCCompilerABI.c.o' '-c' '-mtune=rocket' '-march=rv32imc' '-mabi=ilp32' '-march=rv32imc' '-dumpdir' 'CMakeFiles/cmTC_6f2fe.dir/CMakeCCompilerABI.c.'
Linking C executable cmTC_6f2fe
/usr/local/bin/cmake -E cmake_link_script CMakeFiles/cmTC_6f2fe.dir/link.txt --verbose=1
/opt/riscv32/bin/riscv32-unknown-elf-gcc -O3 -g   -v CMakeFiles/cmTC_6f2fe.dir/CMakeCCompilerABI.c.o -o cmTC_6f2fe 
Using built-in specs.
COLLECT_GCC=/opt/riscv32/bin/riscv32-unknown-elf-gcc
COLLECT_LTO_WRAPPER=/opt/riscv32/libexec/gcc/riscv32-unknown-elf/11.1.0/lto-wrapper
Target: riscv32-unknown-elf
Configured with: /home/gweth/Bureau/risc_/riscv-gnu-toolchain/build/../riscv-gcc/configure --target=riscv32-unknown-elf --prefix=/opt/riscv32 --disable-shared --disable-threads --enable-languages=c,c++ --with-pkgversion=g5964b5cd727 --with-system-zlib --enable-tls --with-newlib --with-sysroot=/opt/riscv32/riscv32-unknown-elf --with-native-system-header-dir=/include --disable-libmudflap --disable-libssp --disable-libquadmath --disable-libgomp --disable-nls --disable-tm-clone-registry --src=../../riscv-gcc --enable-multilib --with-abi=ilp32 --with-arch=rv32imc --with-tune=rocket 'CFLAGS_FOR_TARGET=-Os   -mcmodel=medlow' 'CXXFLAGS_FOR_TARGET=-Os   -mcmodel=medlow'
Thread model: single
Supported LTO compression algorithms: zlib
gcc version 11.1.0 (g5964b5cd727) 
COMPILER_PATH=/opt/riscv32/libexec/gcc/riscv32-unknown-elf/11.1.0/:/opt/riscv32/libexec/gcc/riscv32-unknown-elf/11.1.0/:/opt/riscv32/libexec/gcc/riscv32-unknown-elf/:/opt/riscv32/lib/gcc/riscv32-unknown-elf/11.1.0/:/opt/riscv32/lib/gcc/riscv32-unknown-elf/:/opt/riscv32/lib/gcc/riscv32-unknown-elf/11.1.0/../../../../riscv32-unknown-elf/bin/
LIBRARY_PATH=/opt/riscv32/lib/gcc/riscv32-unknown-elf/11.1.0/:/opt/riscv32/lib/gcc/riscv32-unknown-elf/11.1.0/../../../../riscv32-unknown-elf/lib/:/opt/riscv32/riscv32-unknown-elf/lib/
COLLECT_GCC_OPTIONS='-O3' '-g' '-v' '-o' 'cmTC_6f2fe' '-mtune=rocket' '-march=rv32imc' '-mabi=ilp32' '-march=rv32imc' '-dumpdir' 'cmTC_6f2fe.'
 /opt/riscv32/libexec/gcc/riscv32-unknown-elf/11.1.0/collect2 -plugin /opt/riscv32/libexec/gcc/riscv32-unknown-elf/11.1.0/liblto_plugin.so -plugin-opt=/opt/riscv32/libexec/gcc/riscv32-unknown-elf/11.1.0/lto-wrapper -plugin-opt=-fresolution=/tmp/ccLj8fLO.res -plugin-opt=-pass-through=-lgcc -plugin-opt=-pass-through=-lc -plugin-opt=-pass-through=-lgloss -plugin-opt=-pass-through=-lgcc --sysroot=/opt/riscv32/riscv32-unknown-elf -melf32lriscv -o cmTC_6f2fe /opt/riscv32/lib/gcc/riscv32-unknown-elf/11.1.0/../../../../riscv32-unknown-elf/lib/crt0.o /opt/riscv32/lib/gcc/riscv32-unknown-elf/11.1.0/crtbegin.o -L/opt/riscv32/lib/gcc/riscv32-unknown-elf/11.1.0 -L/opt/riscv32/lib/gcc/riscv32-unknown-elf/11.1.0/../../../../riscv32-unknown-elf/lib -L/opt/riscv32/riscv32-unknown-elf/lib CMakeFiles/cmTC_6f2fe.dir/CMakeCCompilerABI.c.o -lgcc --start-group -lc -lgloss --end-group -lgcc /opt/riscv32/lib/gcc/riscv32-unknown-elf/11.1.0/crtend.o
COLLECT_GCC_OPTIONS='-O3' '-g' '-v' '-o' 'cmTC_6f2fe' '-mtune=rocket' '-march=rv32imc' '-mabi=ilp32' '-march=rv32imc' '-dumpdir' 'cmTC_6f2fe.'
make[1]: Leaving directory '/home/gweth/pulpino/sw/dd/CMakeFiles/CMakeTmp'



Parsed C implicit include dir info from above output: rv=done
  found start of include info
  found start of implicit include info
    add: [/opt/riscv32/lib/gcc/riscv32-unknown-elf/11.1.0/include]
    add: [/opt/riscv32/lib/gcc/riscv32-unknown-elf/11.1.0/include-fixed]
    add: [/opt/riscv32/lib/gcc/riscv32-unknown-elf/11.1.0/../../../../riscv32-unknown-elf/include]
  end of search list found
  collapse include dir [/opt/riscv32/lib/gcc/riscv32-unknown-elf/11.1.0/include] ==> [/opt/riscv32/lib/gcc/riscv32-unknown-elf/11.1.0/include]
  collapse include dir [/opt/riscv32/lib/gcc/riscv32-unknown-elf/11.1.0/include-fixed] ==> [/opt/riscv32/lib/gcc/riscv32-unknown-elf/11.1.0/include-fixed]
  collapse include dir [/opt/riscv32/lib/gcc/riscv32-unknown-elf/11.1.0/../../../../riscv32-unknown-elf/include] ==> [/opt/riscv32/riscv32-unknown-elf/include]
  implicit include dirs: [/opt/riscv32/lib/gcc/riscv32-unknown-elf/11.1.0/include;/opt/riscv32/lib/gcc/riscv32-unknown-elf/11.1.0/include-fixed;/opt/riscv32/riscv32-unknown-elf/include]


Parsed C implicit link information from above output:
  link line regex: [^( *|.*[/\])(riscv32-unknown-elf-ld|CMAKE_LINK_STARTFILE-NOTFOUND|([^/\]+-)?ld|collect2)[^/\]*( |$)]
  ignore line: [Change Dir: /home/gweth/pulpino/sw/dd/CMakeFiles/CMakeTmp]
  ignore line: []
  ignore line: [Run Build Command(s):/usr/bin/make -f Makefile cmTC_6f2fe/fast && /usr/bin/make  -f CMakeFiles/cmTC_6f2fe.dir/build.make CMakeFiles/cmTC_6f2fe.dir/build]
  ignore line: [make[1]: Entering directory '/home/gweth/pulpino/sw/dd/CMakeFiles/CMakeTmp']
  ignore line: [Building C object CMakeFiles/cmTC_6f2fe.dir/CMakeCCompilerABI.c.o]
  ignore line: [/opt/riscv32/bin/riscv32-unknown-elf-gcc   -O3 -g    -v -o CMakeFiles/cmTC_6f2fe.dir/CMakeCCompilerABI.c.o -c /usr/local/share/cmake-3.20/Modules/CMakeCCompilerABI.c]
  ignore line: [Using built-in specs.]
  ignore line: [COLLECT_GCC=/opt/riscv32/bin/riscv32-unknown-elf-gcc]
  ignore line: [Target: riscv32-unknown-elf]
  ignore line: [Configured with: /home/gweth/Bureau/risc_/riscv-gnu-toolchain/build/../riscv-gcc/configure --target=riscv32-unknown-elf --prefix=/opt/riscv32 --disable-shared --disable-threads --enable-languages=c c++ --with-pkgversion=g5964b5cd727 --with-system-zlib --enable-tls --with-newlib --with-sysroot=/opt/riscv32/riscv32-unknown-elf --with-native-system-header-dir=/include --disable-libmudflap --disable-libssp --disable-libquadmath --disable-libgomp --disable-nls --disable-tm-clone-registry --src=../../riscv-gcc --enable-multilib --with-abi=ilp32 --with-arch=rv32imc --with-tune=rocket 'CFLAGS_FOR_TARGET=-Os   -mcmodel=medlow' 'CXXFLAGS_FOR_TARGET=-Os   -mcmodel=medlow']
  ignore line: [Thread model: single]
  ignore line: [Supported LTO compression algorithms: zlib]
  ignore line: [gcc version 11.1.0 (g5964b5cd727) ]
  ignore line: [COLLECT_GCC_OPTIONS='-O3' '-g' '-v' '-o' 'CMakeFiles/cmTC_6f2fe.dir/CMakeCCompilerABI.c.o' '-c' '-mtune=rocket' '-march=rv32imc' '-mabi=ilp32' '-march=rv32imc' '-dumpdir' 'CMakeFiles/cmTC_6f2fe.dir/']
  ignore line: [ /opt/riscv32/libexec/gcc/riscv32-unknown-elf/11.1.0/cc1 -quiet -v /usr/local/share/cmake-3.20/Modules/CMakeCCompilerABI.c -quiet -dumpdir CMakeFiles/cmTC_6f2fe.dir/ -dumpbase CMakeCCompilerABI.c.c -dumpbase-ext .c -mtune=rocket -march=rv32imc -mabi=ilp32 -march=rv32imc -g -O3 -version -o /tmp/ccWrLG8j.s]
  ignore line: [GNU C17 (g5964b5cd727) version 11.1.0 (riscv32-unknown-elf)]
  ignore line: [	compiled by GNU C version 9.3.0  GMP version 6.2.0  MPFR version 4.0.2  MPC version 1.1.0  isl version none]
  ignore line: [GGC heuristics: --param ggc-min-expand=100 --param ggc-min-heapsize=131072]
  ignore line: [ignoring nonexistent directory "/opt/riscv32/riscv32-unknown-elf/usr/local/include"]
  ignore line: [ignoring duplicate directory "/opt/riscv32/riscv32-unknown-elf/include"]
  ignore line: [#include "..." search starts here:]
  ignore line: [#include <...> search starts here:]
  ignore line: [ /opt/riscv32/lib/gcc/riscv32-unknown-elf/11.1.0/include]
  ignore line: [ /opt/riscv32/lib/gcc/riscv32-unknown-elf/11.1.0/include-fixed]
  ignore line: [ /opt/riscv32/lib/gcc/riscv32-unknown-elf/11.1.0/../../../../riscv32-unknown-elf/include]
  ignore line: [End of search list.]
  ignore line: [GNU C17 (g5964b5cd727) version 11.1.0 (riscv32-unknown-elf)]
  ignore line: [	compiled by GNU C version 9.3.0  GMP version 6.2.0  MPFR version 4.0.2  MPC version 1.1.0  isl version none]
  ignore line: [GGC heuristics: --param ggc-min-expand=100 --param ggc-min-heapsize=131072]
  ignore line: [Compiler executable checksum: 2124b6bbae4514a7c64c405ba16c9706]
  ignore line: [COLLECT_GCC_OPTIONS='-O3' '-g' '-v' '-o' 'CMakeFiles/cmTC_6f2fe.dir/CMakeCCompilerABI.c.o' '-c' '-mtune=rocket' '-march=rv32imc' '-mabi=ilp32' '-march=rv32imc' '-dumpdir' 'CMakeFiles/cmTC_6f2fe.dir/']
  ignore line: [ /opt/riscv32/lib/gcc/riscv32-unknown-elf/11.1.0/../../../../riscv32-unknown-elf/bin/as -v --gdwarf-5 --traditional-format -march=rv32imc -march=rv32imc -mabi=ilp32 -o CMakeFiles/cmTC_6f2fe.dir/CMakeCCompilerABI.c.o /tmp/ccWrLG8j.s]
  ignore line: [GNU assembler version 2.37 (riscv32-unknown-elf) using BFD version (GNU Binutils) 2.37]
  ignore line: [COMPILER_PATH=/opt/riscv32/libexec/gcc/riscv32-unknown-elf/11.1.0/:/opt/riscv32/libexec/gcc/riscv32-unknown-elf/11.1.0/:/opt/riscv32/libexec/gcc/riscv32-unknown-elf/:/opt/riscv32/lib/gcc/riscv32-unknown-elf/11.1.0/:/opt/riscv32/lib/gcc/riscv32-unknown-elf/:/opt/riscv32/lib/gcc/riscv32-unknown-elf/11.1.0/../../../../riscv32-unknown-elf/bin/]
  ignore line: [LIBRARY_PATH=/opt/riscv32/lib/gcc/riscv32-unknown-elf/11.1.0/:/opt/riscv32/lib/gcc/riscv32-unknown-elf/11.1.0/../../../../riscv32-unknown-elf/lib/:/opt/riscv32/riscv32-unknown-elf/lib/]
  ignore line: [COLLECT_GCC_OPTIONS='-O3' '-g' '-v' '-o' 'CMakeFiles/cmTC_6f2fe.dir/CMakeCCompilerABI.c.o' '-c' '-mtune=rocket' '-march=rv32imc' '-mabi=ilp32' '-march=rv32imc' '-dumpdir' 'CMakeFiles/cmTC_6f2fe.dir/CMakeCCompilerABI.c.']
  ignore line: [Linking C executable cmTC_6f2fe]
  ignore line: [/usr/local/bin/cmake -E cmake_link_script CMakeFiles/cmTC_6f2fe.dir/link.txt --verbose=1]
  ignore line: [/opt/riscv32/bin/riscv32-unknown-elf-gcc -O3 -g   -v CMakeFiles/cmTC_6f2fe.dir/CMakeCCompilerABI.c.o -o cmTC_6f2fe ]
  ignore line: [Using built-in specs.]
  ignore line: [COLLECT_GCC=/opt/riscv32/bin/riscv32-unknown-elf-gcc]
  ignore line: [COLLECT_LTO_WRAPPER=/opt/riscv32/libexec/gcc/riscv32-unknown-elf/11.1.0/lto-wrapper]
  ignore line: [Target: riscv32-unknown-elf]
  ignore line: [Configured with: /home/gweth/Bureau/risc_/riscv-gnu-toolchain/build/../riscv-gcc/configure --target=riscv32-unknown-elf --prefix=/opt/riscv32 --disable-shared --disable-threads --enable-languages=c c++ --with-pkgversion=g5964b5cd727 --with-system-zlib --enable-tls --with-newlib --with-sysroot=/opt/riscv32/riscv32-unknown-elf --with-native-system-header-dir=/include --disable-libmudflap --disable-libssp --disable-libquadmath --disable-libgomp --disable-nls --disable-tm-clone-registry --src=../../riscv-gcc --enable-multilib --with-abi=ilp32 --with-arch=rv32imc --with-tune=rocket 'CFLAGS_FOR_TARGET=-Os   -mcmodel=medlow' 'CXXFLAGS_FOR_TARGET=-Os   -mcmodel=medlow']
  ignore line: [Thread model: single]
  ignore line: [Supported LTO compression algorithms: zlib]
  ignore line: [gcc version 11.1.0 (g5964b5cd727) ]
  ignore line: [COMPILER_PATH=/opt/riscv32/libexec/gcc/riscv32-unknown-elf/11.1.0/:/opt/riscv32/libexec/gcc/riscv32-unknown-elf/11.1.0/:/opt/riscv32/libexec/gcc/riscv32-unknown-elf/:/opt/riscv32/lib/gcc/riscv32-unknown-elf/11.1.0/:/opt/riscv32/lib/gcc/riscv32-unknown-elf/:/opt/riscv32/lib/gcc/riscv32-unknown-elf/11.1.0/../../../../riscv32-unknown-elf/bin/]
  ignore line: [LIBRARY_PATH=/opt/riscv32/lib/gcc/riscv32-unknown-elf/11.1.0/:/opt/riscv32/lib/gcc/riscv32-unknown-elf/11.1.0/../../../../riscv32-unknown-elf/lib/:/opt/riscv32/riscv32-unknown-elf/lib/]
  ignore line: [COLLECT_GCC_OPTIONS='-O3' '-g' '-v' '-o' 'cmTC_6f2fe' '-mtune=rocket' '-march=rv32imc' '-mabi=ilp32' '-march=rv32imc' '-dumpdir' 'cmTC_6f2fe.']
  link line: [ /opt/riscv32/libexec/gcc/riscv32-unknown-elf/11.1.0/collect2 -plugin /opt/riscv32/libexec/gcc/riscv32-unknown-elf/11.1.0/liblto_plugin.so -plugin-opt=/opt/riscv32/libexec/gcc/riscv32-unknown-elf/11.1.0/lto-wrapper -plugin-opt=-fresolution=/tmp/ccLj8fLO.res -plugin-opt=-pass-through=-lgcc -plugin-opt=-pass-through=-lc -plugin-opt=-pass-through=-lgloss -plugin-opt=-pass-through=-lgcc --sysroot=/opt/riscv32/riscv32-unknown-elf -melf32lriscv -o cmTC_6f2fe /opt/riscv32/lib/gcc/riscv32-unknown-elf/11.1.0/../../../../riscv32-unknown-elf/lib/crt0.o /opt/riscv32/lib/gcc/riscv32-unknown-elf/11.1.0/crtbegin.o -L/opt/riscv32/lib/gcc/riscv32-unknown-elf/11.1.0 -L/opt/riscv32/lib/gcc/riscv32-unknown-elf/11.1.0/../../../../riscv32-unknown-elf/lib -L/opt/riscv32/riscv32-unknown-elf/lib CMakeFiles/cmTC_6f2fe.dir/CMakeCCompilerABI.c.o -lgcc --start-group -lc -lgloss --end-group -lgcc /opt/riscv32/lib/gcc/riscv32-unknown-elf/11.1.0/crtend.o]
    arg [/opt/riscv32/libexec/gcc/riscv32-unknown-elf/11.1.0/collect2] ==> ignore
    arg [-plugin] ==> ignore
    arg [/opt/riscv32/libexec/gcc/riscv32-unknown-elf/11.1.0/liblto_plugin.so] ==> ignore
    arg [-plugin-opt=/opt/riscv32/libexec/gcc/riscv32-unknown-elf/11.1.0/lto-wrapper] ==> ignore
    arg [-plugin-opt=-fresolution=/tmp/ccLj8fLO.res] ==> ignore
    arg [-plugin-opt=-pass-through=-lgcc] ==> ignore
    arg [-plugin-opt=-pass-through=-lc] ==> ignore
    arg [-plugin-opt=-pass-through=-lgloss] ==> ignore
    arg [-plugin-opt=-pass-through=-lgcc] ==> ignore
    arg [--sysroot=/opt/riscv32/riscv32-unknown-elf] ==> ignore
    arg [-melf32lriscv] ==> ignore
    arg [-o] ==> ignore
    arg [cmTC_6f2fe] ==> ignore
    arg [/opt/riscv32/lib/gcc/riscv32-unknown-elf/11.1.0/../../../../riscv32-unknown-elf/lib/crt0.o] ==> ignore
    arg [/opt/riscv32/lib/gcc/riscv32-unknown-elf/11.1.0/crtbegin.o] ==> ignore
    arg [-L/opt/riscv32/lib/gcc/riscv32-unknown-elf/11.1.0] ==> dir [/opt/riscv32/lib/gcc/riscv32-unknown-elf/11.1.0]
    arg [-L/opt/riscv32/lib/gcc/riscv32-unknown-elf/11.1.0/../../../../riscv32-unknown-elf/lib] ==> dir [/opt/riscv32/lib/gcc/riscv32-unknown-elf/11.1.0/../../../../riscv32-unknown-elf/lib]
    arg [-L/opt/riscv32/riscv32-unknown-elf/lib] ==> dir [/opt/riscv32/riscv32-unknown-elf/lib]
    arg [CMakeFiles/cmTC_6f2fe.dir/CMakeCCompilerABI.c.o] ==> ignore
    arg [-lgcc] ==> lib [gcc]
    arg [--start-group] ==> ignore
    arg [-lc] ==> lib [c]
    arg [-lgloss] ==> lib [gloss]
    arg [--end-group] ==> ignore
    arg [-lgcc] ==> lib [gcc]
    arg [/opt/riscv32/lib/gcc/riscv32-unknown-elf/11.1.0/crtend.o] ==> ignore
  collapse library dir [/opt/riscv32/lib/gcc/riscv32-unknown-elf/11.1.0] ==> [/opt/riscv32/lib/gcc/riscv32-unknown-elf/11.1.0]
  collapse library dir [/opt/riscv32/lib/gcc/riscv32-unknown-elf/11.1.0/../../../../riscv32-unknown-elf/lib] ==> [/opt/riscv32/riscv32-unknown-elf/lib]
  collapse library dir [/opt/riscv32/riscv32-unknown-elf/lib] ==> [/opt/riscv32/riscv32-unknown-elf/lib]
  implicit libs: [gcc;c;gloss;gcc]
  implicit dirs: [/opt/riscv32/lib/gcc/riscv32-unknown-elf/11.1.0;/opt/riscv32/riscv32-unknown-elf/lib]
  implicit fwks: []


